This is pdfTeX, Version 3.14159265-2.6-1.40.16 (TeX Live 2015) (preloaded format=pdflatex 2015.5.24)  5 MAR 2016 23:19
entering extended mode
 restricted \write18 enabled.
 %&-line parsing enabled.
**report-kyle-pontius.tex
(./report-kyle-pontius.tex
LaTeX2e <2015/01/01>
Babel <3.9l> and hyphenation patterns for 79 languages loaded.
(/usr/local/texlive/2015/texmf-dist/tex/latex/base/article.cls
Document Class: article 2014/09/29 v1.4h Standard LaTeX document class
(/usr/local/texlive/2015/texmf-dist/tex/latex/base/size11.clo
File: size11.clo 2014/09/29 v1.4h Standard LaTeX file (size option)
)
\c@part=\count79
\c@section=\count80
\c@subsection=\count81
\c@subsubsection=\count82
\c@paragraph=\count83
\c@subparagraph=\count84
\c@figure=\count85
\c@table=\count86
\abovecaptionskip=\skip41
\belowcaptionskip=\skip42
\bibindent=\dimen102
)
(./report-kyle-pontius.aux)
\openout1 = `report-kyle-pontius.aux'.

LaTeX Font Info:    Checking defaults for OML/cmm/m/it on input line 3.
LaTeX Font Info:    ... okay on input line 3.
LaTeX Font Info:    Checking defaults for T1/cmr/m/n on input line 3.
LaTeX Font Info:    ... okay on input line 3.
LaTeX Font Info:    Checking defaults for OT1/cmr/m/n on input line 3.
LaTeX Font Info:    ... okay on input line 3.
LaTeX Font Info:    Checking defaults for OMS/cmsy/m/n on input line 3.
LaTeX Font Info:    ... okay on input line 3.
LaTeX Font Info:    Checking defaults for OMX/cmex/m/n on input line 3.
LaTeX Font Info:    ... okay on input line 3.
LaTeX Font Info:    Checking defaults for U/cmr/m/n on input line 3.
LaTeX Font Info:    ... okay on input line 3.

Underfull \hbox (badness 10000) in paragraph at lines 9--12

 []


Overfull \hbox (54.03795pt too wide) in paragraph at lines 13--14
\OT1/cmr/m/n/12 win-dow size) des-ig-nated by the pro-gram. In fact, my \OT1/cm
r/m/it/12 send[]next[]packet[]if[]possible()
 []


Overfull \hbox (22.85019pt too wide) in paragraph at lines 22--22
[]                 \OT1/cmtt/m/n/12 self.send_buffer.outstanding() < self.windo
w:[] 
 []


Overfull \hbox (53.7252pt too wide) in paragraph at lines 22--22
[]            \OT1/cmtt/m/n/12 new_data, new_sequence = self.send_buffer.get(se
lf.mss)[] 
 []

[1

{/usr/local/texlive/2015/texmf-var/fonts/map/pdftex/updmap/pdftex.map}]
Underfull \hbox (badness 10000) in paragraph at lines 30--33

 []


Underfull \hbox (badness 10000) in paragraph at lines 30--33

 []


Underfull \hbox (badness 10000) in paragraph at lines 30--33

 []

[2]
Underfull \hbox (badness 10000) in paragraph at lines 38--41

 []

[3] (./report-kyle-pontius.aux) ) 
Here is how much of TeX's memory you used:
 215 strings out of 493089
 2447 string characters out of 6134842
 57199 words of memory out of 5000000
 3781 multiletter control sequences out of 15000+600000
 6012 words of font info for 22 fonts, out of 8000000 for 9000
 1141 hyphenation exceptions out of 8191
 21i,5n,19p,913b,243s stack positions out of 5000i,500n,10000p,200000b,80000s
</usr/local/texlive/2015/texmf-dist/fonts/type
1/public/amsfonts/cm/cmbx12.pfb></usr/local/texlive/2015/texmf-dist/fonts/type1
/public/amsfonts/cm/cmr10.pfb></usr/local/texlive/2015/texmf-dist/fonts/type1/p
ublic/amsfonts/cm/cmr12.pfb></usr/local/texlive/2015/texmf-dist/fonts/type1/pub
lic/amsfonts/cm/cmti10.pfb></usr/local/texlive/2015/texmf-dist/fonts/type1/publ
ic/amsfonts/cm/cmti12.pfb></usr/local/texlive/2015/texmf-dist/fonts/type1/publi
c/amsfonts/cm/cmtt12.pfb>
Output written on report-kyle-pontius.pdf (3 pages, 80505 bytes).
PDF statistics:
 38 PDF objects out of 1000 (max. 8388607)
 26 compressed objects within 1 object stream
 0 named destinations out of 1000 (max. 500000)
 1 words of extra memory for PDF output out of 10000 (max. 10000000)

